{"/Users/tanugayev/WebstormProjects/devops-fork/app_javascript/src/features/time.js": {"path":"/Users/tanugayev/WebstormProjects/devops-fork/app_javascript/src/features/time.js","statementMap":{"0":{"start":{"line":8,"column":4},"end":{"line":8,"column":54}},"1":{"start":{"line":15,"column":0},"end":{"line":25,"column":1}},"2":{"start":{"line":23,"column":8},"end":{"line":23,"column":67}}},"fnMap":{"0":{"name":"getCurrentTime","decl":{"start":{"line":7,"column":9},"end":{"line":7,"column":23}},"loc":{"start":{"line":7,"column":42},"end":{"line":9,"column":1}},"line":7},"1":{"name":"(anonymous_1)","decl":{"start":{"line":22,"column":4},"end":{"line":22,"column":5}},"loc":{"start":{"line":22,"column":17},"end":{"line":24,"column":5}},"line":22}},"branchMap":{},"s":{"0":0,"1":1,"2":0},"f":{"0":0,"1":0},"b":{},"_coverageSchema":"1a1c01bbd47fc00a2c39e90264f33305004495a9","hash":"f8e0bb2f60dd3377128af8257ee15d37bf8a623a"}
}
